Requirement already satisfied: POT in /projects/illinois/eng/ece/lgoddard/renjie2/fine-tuning/myChem2/lib/python3.11/site-packages (0.9.6.post1)
Requirement already satisfied: numpy>=1.16 in /projects/illinois/eng/ece/lgoddard/renjie2/fine-tuning/myChem2/lib/python3.11/site-packages (from POT) (2.4.0)
Requirement already satisfied: scipy>=1.6 in /projects/illinois/eng/ece/lgoddard/renjie2/fine-tuning/myChem2/lib/python3.11/site-packages (from POT) (1.17.0)
Using pooling function: mean
using CUDA
Processing dataset from CSV...
Total graphs: 211137
{('edge_attr', 'edge_index', 'edge_weight', 'smiles', 'x', 'y_arom_raw', 'y_reg_raw')}
{('edge_index', 'edge_weight', 'num_nodes', 'x', 'y_arom_raw', 'y_reg_raw')}
graph[0].x shape: (19, 9)
graph[0].edge_index shape: (2, 44)
graph[0].y_raw shape: (9,)
graph[0].y_raw shape: (1,)
Mixup via Low-rank GW (edge_attr-free)
Average mixup graph size : 9.99
{('edge_index', 'edge_weight', 'num_nodes', 'x', 'y_arom_raw', 'y_reg_raw')}
Number of training graphs: 290840
Number of validation graphs: 10557
train_reg shape: (290840, 9)
scaler.mean_.shape: (9,)
scaler.scale_.shape: (9,)
first 9 means: [6.74135203e+04 1.61232475e+02 9.85834266e-01 2.47398364e+02
 1.21475937e+02 1.51113311e+02 1.07599064e-01 1.21725313e-01
 5.95199061e-01]
first 9 stds: [1.57708084e+05 6.85994711e+01 1.48842657e+00 1.40818362e+02
 9.53370191e+01 1.10522969e+02 8.70785613e-02 1.20098009e-01
 9.42926565e-02]
col means (train, after): [ 2.6513680e-06 -1.8302870e-06  1.9059232e-08  9.6657652e-07
 -6.8071664e-08 -2.3030543e-07  3.4994795e-07 -5.9836225e-09
  1.3456059e-07]
col stds  (train, after): [1.0004609  1.0001613  0.99996907 1.0000308  1.0000384  1.0000551
 1.0002174  0.9999815  0.9999538 ]
MultiTaskEdgeCNN(
  (conv1): EdgeCNN(9, 128, num_layers=1)
  (conv2): EdgeCNN(128, 128, num_layers=1)
  (conv3): EdgeCNN(128, 128, num_layers=1)
  (fc_phys_chem_1): Linear(in_features=128, out_features=128, bias=True)
  (fc_phys_chem_2): Linear(in_features=128, out_features=64, bias=True)
  (fc_phys_chem_3): Linear(in_features=64, out_features=4, bias=True)
  (fc_opt_quant_1): Linear(in_features=128, out_features=128, bias=True)
  (fc_opt_quant_2): Linear(in_features=128, out_features=64, bias=True)
  (fc_opt_quant_3): Linear(in_features=64, out_features=3, bias=True)
  (fc_struc_tox_1): Linear(in_features=128, out_features=64, bias=True)
  (fc_struc_tox_2): Linear(in_features=64, out_features=2, bias=True)
  (fc_other_1): Linear(in_features=128, out_features=64, bias=True)
  (fc_other_2): Linear(in_features=64, out_features=32, bias=True)
  (fc_other_3): Linear(in_features=32, out_features=1, bias=True)
)
Epoch: 001, Train Loss: 1.852462, Test Loss: 1.051466
Epoch: 002, Train Loss: 1.221272, Test Loss: 0.732077
Epoch: 003, Train Loss: 1.046533, Test Loss: 0.696445
Epoch: 004, Train Loss: 0.965906, Test Loss: 0.510736
Epoch: 005, Train Loss: 0.905580, Test Loss: 0.450254
Epoch: 006, Train Loss: 0.852907, Test Loss: 0.545535
Epoch: 007, Train Loss: 0.821118, Test Loss: 0.463194
Epoch: 008, Train Loss: 0.779880, Test Loss: 0.480474
Epoch: 009, Train Loss: 0.755646, Test Loss: 0.460754
Epoch: 010, Train Loss: 0.719185, Test Loss: 0.421537
Epoch: 011, Train Loss: 0.737902, Test Loss: 0.371185
Epoch: 012, Train Loss: 0.674001, Test Loss: 0.377116
Epoch: 013, Train Loss: 0.660453, Test Loss: 0.357844
Epoch: 014, Train Loss: 0.636479, Test Loss: 0.322523
Epoch: 015, Train Loss: 0.613986, Test Loss: 0.313090
Epoch: 016, Train Loss: 0.636742, Test Loss: 0.351994
Epoch: 017, Train Loss: 0.617976, Test Loss: 0.445320
Epoch: 018, Train Loss: 0.573500, Test Loss: 0.302287
Epoch: 019, Train Loss: 0.572146, Test Loss: 0.312623
Epoch: 020, Train Loss: 0.573932, Test Loss: 0.297232
Epoch: 021, Train Loss: 0.557962, Test Loss: 0.279801
Epoch: 022, Train Loss: 0.540176, Test Loss: 0.321412
Epoch: 023, Train Loss: 0.540126, Test Loss: 0.312682
Epoch: 024, Train Loss: 0.527634, Test Loss: 0.277354
Epoch: 025, Train Loss: 0.519614, Test Loss: 0.281105
Epoch: 026, Train Loss: 0.513021, Test Loss: 0.275015
Epoch: 027, Train Loss: 0.503754, Test Loss: 0.327630
Epoch: 028, Train Loss: 0.482303, Test Loss: 0.308824
Epoch: 029, Train Loss: 0.480319, Test Loss: 0.272358
Epoch: 030, Train Loss: 0.494038, Test Loss: 0.253314
Epoch: 031, Train Loss: 0.457369, Test Loss: 0.275042
Epoch: 032, Train Loss: 0.466647, Test Loss: 0.269690
Epoch: 033, Train Loss: 0.472609, Test Loss: 0.327953
Epoch: 034, Train Loss: 0.478674, Test Loss: 0.289285
Epoch: 035, Train Loss: 0.437623, Test Loss: 0.315749
Epoch: 036, Train Loss: 0.446176, Test Loss: 0.292371
Epoch: 037, Train Loss: 0.371830, Test Loss: 0.236834
Epoch: 038, Train Loss: 0.359495, Test Loss: 0.225715
Epoch: 039, Train Loss: 0.353913, Test Loss: 0.224140
Epoch: 040, Train Loss: 0.352971, Test Loss: 0.212349
Epoch: 041, Train Loss: 0.350397, Test Loss: 0.213081
Epoch: 042, Train Loss: 0.345783, Test Loss: 0.213109
Epoch: 043, Train Loss: 0.341798, Test Loss: 0.221501
Epoch: 044, Train Loss: 0.342895, Test Loss: 0.208948
Epoch: 045, Train Loss: 0.339845, Test Loss: 0.201891
Epoch: 046, Train Loss: 0.335792, Test Loss: 0.210647
Epoch: 047, Train Loss: 0.334547, Test Loss: 0.209623
Epoch: 048, Train Loss: 0.333545, Test Loss: 0.202744
Epoch: 049, Train Loss: 0.330826, Test Loss: 0.201046
Epoch: 050, Train Loss: 0.330101, Test Loss: 0.200136
Epoch: 051, Train Loss: 0.329009, Test Loss: 0.199766
Epoch: 052, Train Loss: 0.325255, Test Loss: 0.198511
Epoch: 053, Train Loss: 0.324011, Test Loss: 0.214961
Epoch: 054, Train Loss: 0.326454, Test Loss: 0.198858
Epoch: 055, Train Loss: 0.322716, Test Loss: 0.208828
Epoch: 056, Train Loss: 0.323191, Test Loss: 0.193901
Epoch: 057, Train Loss: 0.320286, Test Loss: 0.197028
Epoch: 058, Train Loss: 0.320244, Test Loss: 0.191490
Epoch: 059, Train Loss: 0.318045, Test Loss: 0.193401
Epoch: 060, Train Loss: 0.316804, Test Loss: 0.207112
Epoch: 061, Train Loss: 0.315286, Test Loss: 0.189837
Epoch: 062, Train Loss: 0.315712, Test Loss: 0.194540
Epoch: 063, Train Loss: 0.310583, Test Loss: 0.190234
Epoch: 064, Train Loss: 0.313230, Test Loss: 0.213506
Epoch: 065, Train Loss: 0.313748, Test Loss: 0.188970
Epoch: 066, Train Loss: 0.307449, Test Loss: 0.183408
Epoch: 067, Train Loss: 0.308904, Test Loss: 0.185421
Epoch: 068, Train Loss: 0.308479, Test Loss: 0.188948
Epoch: 069, Train Loss: 0.305496, Test Loss: 0.188716
Epoch: 070, Train Loss: 0.306034, Test Loss: 0.189574
Epoch: 071, Train Loss: 0.306027, Test Loss: 0.185739
Epoch: 072, Train Loss: 0.304967, Test Loss: 0.192300
Epoch: 073, Train Loss: 0.297720, Test Loss: 0.185892
Epoch: 074, Train Loss: 0.296902, Test Loss: 0.183905
Epoch: 075, Train Loss: 0.294784, Test Loss: 0.184209
Epoch: 076, Train Loss: 0.296692, Test Loss: 0.184619
Epoch: 077, Train Loss: 0.295717, Test Loss: 0.183458
Epoch: 078, Train Loss: 0.295867, Test Loss: 0.183864
Epoch: 079, Train Loss: 0.295115, Test Loss: 0.183427
Epoch: 080, Train Loss: 0.295340, Test Loss: 0.183467
Epoch: 081, Train Loss: 0.294911, Test Loss: 0.183380
Epoch: 082, Train Loss: 0.294875, Test Loss: 0.183200
Epoch: 083, Train Loss: 0.295367, Test Loss: 0.183161
Epoch: 084, Train Loss: 0.293149, Test Loss: 0.183041
Epoch: 085, Train Loss: 0.293641, Test Loss: 0.183200
Epoch: 086, Train Loss: 0.294898, Test Loss: 0.183101
Epoch: 087, Train Loss: 0.294897, Test Loss: 0.183356
Epoch: 088, Train Loss: 0.292705, Test Loss: 0.183152
Epoch: 089, Train Loss: 0.294926, Test Loss: 0.183462
Epoch: 090, Train Loss: 0.293832, Test Loss: 0.183088
Epoch: 091, Train Loss: 0.293471, Test Loss: 0.183166
Epoch: 092, Train Loss: 0.293861, Test Loss: 0.183217
Epoch: 093, Train Loss: 0.294011, Test Loss: 0.183226
Epoch: 094, Train Loss: 0.293572, Test Loss: 0.183234
Epoch: 095, Train Loss: 0.292753, Test Loss: 0.183182
Epoch: 096, Train Loss: 0.294074, Test Loss: 0.183236
Epoch: 097, Train Loss: 0.293677, Test Loss: 0.183236
Epoch: 098, Train Loss: 0.293934, Test Loss: 0.183235
Epoch: 099, Train Loss: 0.294420, Test Loss: 0.183234
Epoch: 100, Train Loss: 0.293791, Test Loss: 0.183235
Epoch: 101, Train Loss: 0.292722, Test Loss: 0.183235
Epoch: 102, Train Loss: 0.292571, Test Loss: 0.183230
Epoch: 103, Train Loss: 0.292637, Test Loss: 0.183232
Epoch: 104, Train Loss: 0.292306, Test Loss: 0.183234
Epoch: 105, Train Loss: 0.294726, Test Loss: 0.183234
Epoch: 106, Train Loss: 0.294969, Test Loss: 0.183233
Epoch: 107, Train Loss: 0.294321, Test Loss: 0.183234
Epoch: 108, Train Loss: 0.293834, Test Loss: 0.183232
Epoch: 109, Train Loss: 0.295334, Test Loss: 0.183229
Epoch: 110, Train Loss: 0.293254, Test Loss: 0.183228
Epoch: 111, Train Loss: 0.294495, Test Loss: 0.183230
Epoch: 112, Train Loss: 0.294084, Test Loss: 0.183225
Epoch: 113, Train Loss: 0.294310, Test Loss: 0.183226
Epoch: 114, Train Loss: 0.293523, Test Loss: 0.183224
Epoch: 115, Train Loss: 0.294550, Test Loss: 0.183226
Epoch: 116, Train Loss: 0.293920, Test Loss: 0.183225
Epoch: 117, Train Loss: 0.294881, Test Loss: 0.183225
Epoch: 118, Train Loss: 0.293434, Test Loss: 0.183223
Epoch: 119, Train Loss: 0.293816, Test Loss: 0.183221
Epoch: 120, Train Loss: 0.294153, Test Loss: 0.183223
Epoch: 121, Train Loss: 0.294235, Test Loss: 0.183221
Epoch: 122, Train Loss: 0.295166, Test Loss: 0.183224
Epoch: 123, Train Loss: 0.293901, Test Loss: 0.183227
Epoch: 124, Train Loss: 0.293919, Test Loss: 0.183226
Epoch: 125, Train Loss: 0.296195, Test Loss: 0.183223
Epoch: 126, Train Loss: 0.292772, Test Loss: 0.183221
Epoch: 127, Train Loss: 0.293209, Test Loss: 0.183220
Epoch: 128, Train Loss: 0.294680, Test Loss: 0.183220
Epoch: 129, Train Loss: 0.293004, Test Loss: 0.183222
Epoch: 130, Train Loss: 0.293514, Test Loss: 0.183220
Epoch: 131, Train Loss: 0.294620, Test Loss: 0.183218
Epoch: 132, Train Loss: 0.293276, Test Loss: 0.183220
Epoch: 133, Train Loss: 0.293604, Test Loss: 0.183220
Epoch: 134, Train Loss: 0.293646, Test Loss: 0.183220
Epoch: 135, Train Loss: 0.293982, Test Loss: 0.183218
Epoch: 136, Train Loss: 0.294021, Test Loss: 0.183216
Epoch: 137, Train Loss: 0.293283, Test Loss: 0.183218
Epoch: 138, Train Loss: 0.294396, Test Loss: 0.183217
Epoch: 139, Train Loss: 0.294342, Test Loss: 0.183215
Epoch: 140, Train Loss: 0.295132, Test Loss: 0.183217
Epoch: 141, Train Loss: 0.292326, Test Loss: 0.183216
Epoch: 142, Train Loss: 0.294545, Test Loss: 0.183219
Epoch: 143, Train Loss: 0.293874, Test Loss: 0.183220
Epoch: 144, Train Loss: 0.294684, Test Loss: 0.183219
Epoch: 145, Train Loss: 0.293134, Test Loss: 0.183219
Epoch: 146, Train Loss: 0.294556, Test Loss: 0.183217
Epoch: 147, Train Loss: 0.293954, Test Loss: 0.183219
Epoch: 148, Train Loss: 0.293007, Test Loss: 0.183220
Epoch: 149, Train Loss: 0.293800, Test Loss: 0.183219
Epoch: 150, Train Loss: 0.292694, Test Loss: 0.183218
Epoch: 151, Train Loss: 0.292918, Test Loss: 0.183219
Epoch: 152, Train Loss: 0.294262, Test Loss: 0.183217
Epoch: 153, Train Loss: 0.293568, Test Loss: 0.183217
Epoch: 154, Train Loss: 0.294721, Test Loss: 0.183214
Epoch: 155, Train Loss: 0.294062, Test Loss: 0.183213
Epoch: 156, Train Loss: 0.293338, Test Loss: 0.183213
Epoch: 157, Train Loss: 0.294505, Test Loss: 0.183213
Epoch: 158, Train Loss: 0.293871, Test Loss: 0.183209
Epoch: 159, Train Loss: 0.293385, Test Loss: 0.183206
Epoch: 160, Train Loss: 0.294333, Test Loss: 0.183206
Epoch: 161, Train Loss: 0.293857, Test Loss: 0.183207
Epoch: 162, Train Loss: 0.294126, Test Loss: 0.183205
Epoch: 163, Train Loss: 0.294233, Test Loss: 0.183205
Epoch: 164, Train Loss: 0.293616, Test Loss: 0.183204
Epoch: 165, Train Loss: 0.294786, Test Loss: 0.183206
Epoch: 166, Train Loss: 0.293490, Test Loss: 0.183205
Epoch: 167, Train Loss: 0.293787, Test Loss: 0.183205
Epoch: 168, Train Loss: 0.294508, Test Loss: 0.183204
Epoch: 169, Train Loss: 0.294888, Test Loss: 0.183204
Epoch: 170, Train Loss: 0.293899, Test Loss: 0.183205
Epoch: 171, Train Loss: 0.294016, Test Loss: 0.183204
Epoch: 172, Train Loss: 0.293123, Test Loss: 0.183204
Epoch: 173, Train Loss: 0.293613, Test Loss: 0.183201
Epoch: 174, Train Loss: 0.293313, Test Loss: 0.183199
Epoch: 175, Train Loss: 0.293879, Test Loss: 0.183199
Epoch: 176, Train Loss: 0.293718, Test Loss: 0.183197
Epoch: 177, Train Loss: 0.294824, Test Loss: 0.183198
Epoch: 178, Train Loss: 0.292360, Test Loss: 0.183196
Epoch: 179, Train Loss: 0.294126, Test Loss: 0.183194
Epoch: 180, Train Loss: 0.295552, Test Loss: 0.183193
Epoch: 181, Train Loss: 0.293922, Test Loss: 0.183195
Epoch: 182, Train Loss: 0.292276, Test Loss: 0.183197
Epoch: 183, Train Loss: 0.293982, Test Loss: 0.183196
Epoch: 184, Train Loss: 0.294073, Test Loss: 0.183193
Epoch: 185, Train Loss: 0.293950, Test Loss: 0.183190
Epoch: 186, Train Loss: 0.294733, Test Loss: 0.183189
Epoch: 187, Train Loss: 0.293767, Test Loss: 0.183189
Epoch: 188, Train Loss: 0.292949, Test Loss: 0.183187
Epoch: 189, Train Loss: 0.293384, Test Loss: 0.183188
Epoch: 190, Train Loss: 0.293869, Test Loss: 0.183188
Epoch: 191, Train Loss: 0.293325, Test Loss: 0.183185
Epoch: 192, Train Loss: 0.292508, Test Loss: 0.183186
Epoch: 193, Train Loss: 0.294126, Test Loss: 0.183190
Epoch: 194, Train Loss: 0.295328, Test Loss: 0.183190
Epoch: 195, Train Loss: 0.295100, Test Loss: 0.183190
Epoch: 196, Train Loss: 0.293051, Test Loss: 0.183189
Epoch: 197, Train Loss: 0.293451, Test Loss: 0.183186
Epoch: 198, Train Loss: 0.293260, Test Loss: 0.183188
Epoch: 199, Train Loss: 0.293882, Test Loss: 0.183191
Epoch: 200, Train Loss: 0.293677, Test Loss: 0.183192
Epoch: 201, Train Loss: 0.293959, Test Loss: 0.183191
Epoch: 202, Train Loss: 0.293106, Test Loss: 0.183191
Epoch: 203, Train Loss: 0.294034, Test Loss: 0.183190
Epoch: 204, Train Loss: 0.293518, Test Loss: 0.183189
Epoch: 205, Train Loss: 0.293714, Test Loss: 0.183188
Epoch: 206, Train Loss: 0.292782, Test Loss: 0.183191
Epoch: 207, Train Loss: 0.292872, Test Loss: 0.183193
Epoch: 208, Train Loss: 0.293902, Test Loss: 0.183190
Epoch: 209, Train Loss: 0.293090, Test Loss: 0.183189
Epoch: 210, Train Loss: 0.292862, Test Loss: 0.183187
Epoch: 211, Train Loss: 0.293452, Test Loss: 0.183188
Epoch: 212, Train Loss: 0.293567, Test Loss: 0.183190
Epoch: 213, Train Loss: 0.293294, Test Loss: 0.183189
Epoch: 214, Train Loss: 0.294059, Test Loss: 0.183188
Epoch: 215, Train Loss: 0.293325, Test Loss: 0.183189
Epoch: 216, Train Loss: 0.293651, Test Loss: 0.183189
Epoch: 217, Train Loss: 0.293979, Test Loss: 0.183188
Epoch: 218, Train Loss: 0.294948, Test Loss: 0.183187
Epoch: 219, Train Loss: 0.293776, Test Loss: 0.183187
Epoch: 220, Train Loss: 0.295059, Test Loss: 0.183187
Epoch: 221, Train Loss: 0.293289, Test Loss: 0.183185
Epoch: 222, Train Loss: 0.292552, Test Loss: 0.183188
Epoch: 223, Train Loss: 0.292642, Test Loss: 0.183189
Epoch: 224, Train Loss: 0.295160, Test Loss: 0.183186
Epoch: 225, Train Loss: 0.292653, Test Loss: 0.183187
Epoch: 226, Train Loss: 0.295020, Test Loss: 0.183186
Epoch: 227, Train Loss: 0.293665, Test Loss: 0.183185
Epoch: 228, Train Loss: 0.293409, Test Loss: 0.183181
Epoch: 229, Train Loss: 0.294203, Test Loss: 0.183179
Epoch: 230, Train Loss: 0.293918, Test Loss: 0.183179
Epoch: 231, Train Loss: 0.294321, Test Loss: 0.183177
Epoch: 232, Train Loss: 0.293765, Test Loss: 0.183179
Epoch: 233, Train Loss: 0.294087, Test Loss: 0.183180
Epoch: 234, Train Loss: 0.293600, Test Loss: 0.183179
Epoch: 235, Train Loss: 0.293586, Test Loss: 0.183179
Epoch: 236, Train Loss: 0.294354, Test Loss: 0.183181
Epoch: 237, Train Loss: 0.293412, Test Loss: 0.183182
Epoch: 238, Train Loss: 0.294356, Test Loss: 0.183182
Epoch: 239, Train Loss: 0.293899, Test Loss: 0.183179
Epoch: 240, Train Loss: 0.295113, Test Loss: 0.183180
Epoch: 241, Train Loss: 0.294147, Test Loss: 0.183177
Epoch: 242, Train Loss: 0.293758, Test Loss: 0.183176
Epoch: 243, Train Loss: 0.293234, Test Loss: 0.183176
Epoch: 244, Train Loss: 0.293129, Test Loss: 0.183177
Epoch: 245, Train Loss: 0.293017, Test Loss: 0.183174
Epoch: 246, Train Loss: 0.293953, Test Loss: 0.183174
Epoch: 247, Train Loss: 0.293666, Test Loss: 0.183173
Epoch: 248, Train Loss: 0.295805, Test Loss: 0.183171
Epoch: 249, Train Loss: 0.293800, Test Loss: 0.183173
Epoch: 250, Train Loss: 0.294437, Test Loss: 0.183172
Epoch: 251, Train Loss: 0.293995, Test Loss: 0.183174
Epoch: 252, Train Loss: 0.293164, Test Loss: 0.183176
Epoch: 253, Train Loss: 0.294132, Test Loss: 0.183175
Epoch: 254, Train Loss: 0.294409, Test Loss: 0.183174
Epoch: 255, Train Loss: 0.294903, Test Loss: 0.183174
Epoch: 256, Train Loss: 0.293559, Test Loss: 0.183170
Epoch: 257, Train Loss: 0.293042, Test Loss: 0.183172
Epoch: 258, Train Loss: 0.295377, Test Loss: 0.183175
Epoch: 259, Train Loss: 0.294715, Test Loss: 0.183173
Epoch: 260, Train Loss: 0.294772, Test Loss: 0.183172
Epoch: 261, Train Loss: 0.293973, Test Loss: 0.183174
Epoch: 262, Train Loss: 0.292496, Test Loss: 0.183173
Epoch: 263, Train Loss: 0.293034, Test Loss: 0.183175
Epoch: 264, Train Loss: 0.295241, Test Loss: 0.183174
Epoch: 265, Train Loss: 0.293744, Test Loss: 0.183172
Epoch: 266, Train Loss: 0.294516, Test Loss: 0.183174
Epoch: 267, Train Loss: 0.294485, Test Loss: 0.183173
Epoch: 268, Train Loss: 0.293557, Test Loss: 0.183172
Epoch: 269, Train Loss: 0.293058, Test Loss: 0.183173
Epoch: 270, Train Loss: 0.294538, Test Loss: 0.183174
Epoch: 271, Train Loss: 0.293596, Test Loss: 0.183175
Epoch: 272, Train Loss: 0.294672, Test Loss: 0.183175
Epoch: 273, Train Loss: 0.294811, Test Loss: 0.183175
Epoch: 274, Train Loss: 0.293315, Test Loss: 0.183177
Epoch: 275, Train Loss: 0.293207, Test Loss: 0.183176
Epoch: 276, Train Loss: 0.294192, Test Loss: 0.183179
Epoch: 277, Train Loss: 0.293249, Test Loss: 0.183178
Epoch: 278, Train Loss: 0.292227, Test Loss: 0.183178
Epoch: 279, Train Loss: 0.293711, Test Loss: 0.183177
Epoch: 280, Train Loss: 0.294049, Test Loss: 0.183174
Epoch: 281, Train Loss: 0.293355, Test Loss: 0.183173
Epoch: 282, Train Loss: 0.293267, Test Loss: 0.183173
Epoch: 283, Train Loss: 0.292831, Test Loss: 0.183174
Epoch: 284, Train Loss: 0.293971, Test Loss: 0.183172
Epoch: 285, Train Loss: 0.292889, Test Loss: 0.183170
Epoch: 286, Train Loss: 0.293443, Test Loss: 0.183171
Epoch: 287, Train Loss: 0.293761, Test Loss: 0.183171
Epoch: 288, Train Loss: 0.292634, Test Loss: 0.183172
Epoch: 289, Train Loss: 0.294685, Test Loss: 0.183172
Epoch: 290, Train Loss: 0.294287, Test Loss: 0.183169
Epoch: 291, Train Loss: 0.292859, Test Loss: 0.183171
Epoch: 292, Train Loss: 0.294439, Test Loss: 0.183172
Epoch: 293, Train Loss: 0.294463, Test Loss: 0.183172
Epoch: 294, Train Loss: 0.293037, Test Loss: 0.183173
Epoch: 295, Train Loss: 0.293332, Test Loss: 0.183171
Epoch: 296, Train Loss: 0.293556, Test Loss: 0.183170
Epoch: 297, Train Loss: 0.293865, Test Loss: 0.183171
Epoch: 298, Train Loss: 0.293871, Test Loss: 0.183174
Epoch: 299, Train Loss: 0.294002, Test Loss: 0.183176
Epoch: 300, Train Loss: 0.293625, Test Loss: 0.183175
Epoch: 301, Train Loss: 0.294047, Test Loss: 0.183174
Epoch: 302, Train Loss: 0.293400, Test Loss: 0.183173
Epoch: 303, Train Loss: 0.292155, Test Loss: 0.183171
Epoch: 304, Train Loss: 0.294126, Test Loss: 0.183172
Epoch: 305, Train Loss: 0.294516, Test Loss: 0.183176
Epoch: 306, Train Loss: 0.293467, Test Loss: 0.183174
Epoch: 307, Train Loss: 0.292973, Test Loss: 0.183172
Epoch: 308, Train Loss: 0.293873, Test Loss: 0.183172
Epoch: 309, Train Loss: 0.292961, Test Loss: 0.183170
Epoch: 310, Train Loss: 0.294641, Test Loss: 0.183170
Epoch: 311, Train Loss: 0.294013, Test Loss: 0.183170
Epoch: 312, Train Loss: 0.294620, Test Loss: 0.183169
Epoch: 313, Train Loss: 0.293477, Test Loss: 0.183167
Epoch: 314, Train Loss: 0.294195, Test Loss: 0.183166
Epoch: 315, Train Loss: 0.294098, Test Loss: 0.183168
Epoch: 316, Train Loss: 0.294361, Test Loss: 0.183168
Epoch: 317, Train Loss: 0.294300, Test Loss: 0.183167
Epoch: 318, Train Loss: 0.293814, Test Loss: 0.183166
Epoch: 319, Train Loss: 0.293075, Test Loss: 0.183162
Epoch: 320, Train Loss: 0.293379, Test Loss: 0.183162
Epoch: 321, Train Loss: 0.293954, Test Loss: 0.183164
Epoch: 322, Train Loss: 0.293773, Test Loss: 0.183166
Epoch: 323, Train Loss: 0.292994, Test Loss: 0.183170
Epoch: 324, Train Loss: 0.293519, Test Loss: 0.183169
Epoch: 325, Train Loss: 0.294901, Test Loss: 0.183169
Epoch: 326, Train Loss: 0.292749, Test Loss: 0.183169
Epoch: 327, Train Loss: 0.293986, Test Loss: 0.183165
Epoch: 328, Train Loss: 0.293761, Test Loss: 0.183164
Epoch: 329, Train Loss: 0.294362, Test Loss: 0.183167
Epoch: 330, Train Loss: 0.295576, Test Loss: 0.183163
Epoch: 331, Train Loss: 0.293520, Test Loss: 0.183162
Epoch: 332, Train Loss: 0.293596, Test Loss: 0.183159
Epoch: 333, Train Loss: 0.294508, Test Loss: 0.183155
Epoch: 334, Train Loss: 0.293838, Test Loss: 0.183154
Epoch: 335, Train Loss: 0.293419, Test Loss: 0.183155
Epoch: 336, Train Loss: 0.295481, Test Loss: 0.183158
Epoch: 337, Train Loss: 0.294337, Test Loss: 0.183158
Epoch: 338, Train Loss: 0.294100, Test Loss: 0.183156
Epoch: 339, Train Loss: 0.294040, Test Loss: 0.183153
Epoch: 340, Train Loss: 0.293446, Test Loss: 0.183154
Epoch: 341, Train Loss: 0.293607, Test Loss: 0.183154
Epoch: 342, Train Loss: 0.294068, Test Loss: 0.183151
Epoch: 343, Train Loss: 0.293542, Test Loss: 0.183149
Epoch: 344, Train Loss: 0.294333, Test Loss: 0.183148
Epoch: 345, Train Loss: 0.293715, Test Loss: 0.183149
Epoch: 346, Train Loss: 0.294825, Test Loss: 0.183148
Epoch: 347, Train Loss: 0.294074, Test Loss: 0.183153
Epoch: 348, Train Loss: 0.292767, Test Loss: 0.183149
Epoch: 349, Train Loss: 0.294164, Test Loss: 0.183148
Epoch: 350, Train Loss: 0.295360, Test Loss: 0.183146
Epoch: 351, Train Loss: 0.293251, Test Loss: 0.183146
Epoch: 352, Train Loss: 0.294752, Test Loss: 0.183146
Epoch: 353, Train Loss: 0.293006, Test Loss: 0.183147
Epoch: 354, Train Loss: 0.293362, Test Loss: 0.183149
Epoch: 355, Train Loss: 0.295362, Test Loss: 0.183149
Epoch: 356, Train Loss: 0.294589, Test Loss: 0.183146
Epoch: 357, Train Loss: 0.294955, Test Loss: 0.183145
Epoch: 358, Train Loss: 0.294466, Test Loss: 0.183146
Epoch: 359, Train Loss: 0.293943, Test Loss: 0.183146
Epoch: 360, Train Loss: 0.294382, Test Loss: 0.183144
Epoch: 361, Train Loss: 0.294137, Test Loss: 0.183144
Epoch: 362, Train Loss: 0.293948, Test Loss: 0.183144
Epoch: 363, Train Loss: 0.294629, Test Loss: 0.183145
Epoch: 364, Train Loss: 0.294105, Test Loss: 0.183141
Epoch: 365, Train Loss: 0.292454, Test Loss: 0.183143
Epoch: 366, Train Loss: 0.293346, Test Loss: 0.183143
Epoch: 367, Train Loss: 0.292638, Test Loss: 0.183143
Epoch: 368, Train Loss: 0.294619, Test Loss: 0.183143
Epoch: 369, Train Loss: 0.293748, Test Loss: 0.183141
Epoch: 370, Train Loss: 0.293219, Test Loss: 0.183140
Epoch: 371, Train Loss: 0.294181, Test Loss: 0.183140
Epoch: 372, Train Loss: 0.293474, Test Loss: 0.183139
Epoch: 373, Train Loss: 0.294229, Test Loss: 0.183140
Epoch: 374, Train Loss: 0.294221, Test Loss: 0.183138
Epoch: 375, Train Loss: 0.293852, Test Loss: 0.183142
Epoch: 376, Train Loss: 0.294723, Test Loss: 0.183141
Epoch: 377, Train Loss: 0.293938, Test Loss: 0.183137
Epoch: 378, Train Loss: 0.294877, Test Loss: 0.183135
Epoch: 379, Train Loss: 0.293871, Test Loss: 0.183136
Epoch: 380, Train Loss: 0.294816, Test Loss: 0.183136
Epoch: 381, Train Loss: 0.293480, Test Loss: 0.183133
Epoch: 382, Train Loss: 0.293724, Test Loss: 0.183131
Epoch: 383, Train Loss: 0.292961, Test Loss: 0.183129
Epoch: 384, Train Loss: 0.294203, Test Loss: 0.183131
Epoch: 385, Train Loss: 0.295696, Test Loss: 0.183132
Epoch: 386, Train Loss: 0.294798, Test Loss: 0.183133
Epoch: 387, Train Loss: 0.294220, Test Loss: 0.183134
Epoch: 388, Train Loss: 0.293885, Test Loss: 0.183133
Epoch: 389, Train Loss: 0.293258, Test Loss: 0.183134
Epoch: 390, Train Loss: 0.293047, Test Loss: 0.183135
Epoch: 391, Train Loss: 0.294277, Test Loss: 0.183136
Epoch: 392, Train Loss: 0.295186, Test Loss: 0.183135
Epoch: 393, Train Loss: 0.295385, Test Loss: 0.183138
Epoch: 394, Train Loss: 0.292266, Test Loss: 0.183140
Epoch: 395, Train Loss: 0.294503, Test Loss: 0.183138
Epoch: 396, Train Loss: 0.294374, Test Loss: 0.183140
Epoch: 397, Train Loss: 0.293262, Test Loss: 0.183140
Epoch: 398, Train Loss: 0.293736, Test Loss: 0.183139
Epoch: 399, Train Loss: 0.293033, Test Loss: 0.183135
Epoch: 400, Train Loss: 0.293408, Test Loss: 0.183137
Epoch: 401, Train Loss: 0.294225, Test Loss: 0.183139
Epoch: 402, Train Loss: 0.293178, Test Loss: 0.183142
Epoch: 403, Train Loss: 0.294138, Test Loss: 0.183141
Epoch: 404, Train Loss: 0.293033, Test Loss: 0.183142
Epoch: 405, Train Loss: 0.295280, Test Loss: 0.183140
Epoch: 406, Train Loss: 0.293808, Test Loss: 0.183139
Epoch: 407, Train Loss: 0.293930, Test Loss: 0.183138
Epoch: 408, Train Loss: 0.294920, Test Loss: 0.183135
Epoch: 409, Train Loss: 0.293960, Test Loss: 0.183134
Epoch: 410, Train Loss: 0.292943, Test Loss: 0.183132
Epoch: 411, Train Loss: 0.293419, Test Loss: 0.183133
Epoch: 412, Train Loss: 0.292875, Test Loss: 0.183134
Epoch: 413, Train Loss: 0.293488, Test Loss: 0.183134
Epoch: 414, Train Loss: 0.292332, Test Loss: 0.183132
Epoch: 415, Train Loss: 0.294023, Test Loss: 0.183131
Epoch: 416, Train Loss: 0.294612, Test Loss: 0.183130
Epoch: 417, Train Loss: 0.294562, Test Loss: 0.183129
Epoch: 418, Train Loss: 0.293244, Test Loss: 0.183131
Epoch: 419, Train Loss: 0.293274, Test Loss: 0.183127
Epoch: 420, Train Loss: 0.295023, Test Loss: 0.183129
Epoch: 421, Train Loss: 0.293703, Test Loss: 0.183127
Epoch: 422, Train Loss: 0.293194, Test Loss: 0.183124
Epoch: 423, Train Loss: 0.294186, Test Loss: 0.183124
Epoch: 424, Train Loss: 0.292957, Test Loss: 0.183126
Epoch: 425, Train Loss: 0.294174, Test Loss: 0.183124
Epoch: 426, Train Loss: 0.294563, Test Loss: 0.183122
Epoch: 427, Train Loss: 0.294573, Test Loss: 0.183122
Epoch: 428, Train Loss: 0.294422, Test Loss: 0.183122
Epoch: 429, Train Loss: 0.294144, Test Loss: 0.183120
Epoch: 430, Train Loss: 0.295083, Test Loss: 0.183119
Epoch: 431, Train Loss: 0.294519, Test Loss: 0.183121
Epoch: 432, Train Loss: 0.293854, Test Loss: 0.183121
Epoch: 433, Train Loss: 0.293053, Test Loss: 0.183118
Epoch: 434, Train Loss: 0.293632, Test Loss: 0.183118
Epoch: 435, Train Loss: 0.294427, Test Loss: 0.183119
Epoch: 436, Train Loss: 0.294200, Test Loss: 0.183117
Epoch: 437, Train Loss: 0.292425, Test Loss: 0.183115
Epoch: 438, Train Loss: 0.293686, Test Loss: 0.183114
Epoch: 439, Train Loss: 0.294228, Test Loss: 0.183113
Epoch: 440, Train Loss: 0.294065, Test Loss: 0.183116
Epoch: 441, Train Loss: 0.294088, Test Loss: 0.183117
Epoch: 442, Train Loss: 0.293629, Test Loss: 0.183115
Epoch: 443, Train Loss: 0.292943, Test Loss: 0.183115
Epoch: 444, Train Loss: 0.294158, Test Loss: 0.183115
Epoch: 445, Train Loss: 0.294767, Test Loss: 0.183117
Epoch: 446, Train Loss: 0.293534, Test Loss: 0.183120
Epoch: 447, Train Loss: 0.293218, Test Loss: 0.183120
Epoch: 448, Train Loss: 0.293445, Test Loss: 0.183118
Epoch: 449, Train Loss: 0.293769, Test Loss: 0.183115
Epoch: 450, Train Loss: 0.292636, Test Loss: 0.183113
Epoch: 451, Train Loss: 0.293457, Test Loss: 0.183111
Epoch: 452, Train Loss: 0.294130, Test Loss: 0.183111
Epoch: 453, Train Loss: 0.293990, Test Loss: 0.183110
Epoch: 454, Train Loss: 0.294134, Test Loss: 0.183111
Epoch: 455, Train Loss: 0.294354, Test Loss: 0.183111
Epoch: 456, Train Loss: 0.292489, Test Loss: 0.183113
Epoch: 457, Train Loss: 0.292564, Test Loss: 0.183113
Epoch: 458, Train Loss: 0.293379, Test Loss: 0.183113
Epoch: 459, Train Loss: 0.293976, Test Loss: 0.183114
Epoch: 460, Train Loss: 0.292370, Test Loss: 0.183115
Epoch: 461, Train Loss: 0.294699, Test Loss: 0.183118
Epoch: 462, Train Loss: 0.294570, Test Loss: 0.183115
Epoch: 463, Train Loss: 0.292893, Test Loss: 0.183114
Epoch: 464, Train Loss: 0.294928, Test Loss: 0.183110
Epoch: 465, Train Loss: 0.294263, Test Loss: 0.183108
Epoch: 466, Train Loss: 0.294839, Test Loss: 0.183109
Epoch: 467, Train Loss: 0.293244, Test Loss: 0.183110
Epoch: 468, Train Loss: 0.293824, Test Loss: 0.183111
Epoch: 469, Train Loss: 0.293601, Test Loss: 0.183110
Epoch: 470, Train Loss: 0.294234, Test Loss: 0.183110
Epoch: 471, Train Loss: 0.294025, Test Loss: 0.183105
Epoch: 472, Train Loss: 0.294836, Test Loss: 0.183105
Epoch: 473, Train Loss: 0.294112, Test Loss: 0.183106
Epoch: 474, Train Loss: 0.296567, Test Loss: 0.183105
Epoch: 475, Train Loss: 0.294050, Test Loss: 0.183107
Epoch: 476, Train Loss: 0.293115, Test Loss: 0.183107
Epoch: 477, Train Loss: 0.295213, Test Loss: 0.183109
Epoch: 478, Train Loss: 0.294048, Test Loss: 0.183107
Epoch: 479, Train Loss: 0.293580, Test Loss: 0.183110
Epoch: 480, Train Loss: 0.293017, Test Loss: 0.183110
Epoch: 481, Train Loss: 0.293214, Test Loss: 0.183110
Epoch: 482, Train Loss: 0.293265, Test Loss: 0.183110
Epoch: 483, Train Loss: 0.294569, Test Loss: 0.183111
Epoch: 484, Train Loss: 0.293415, Test Loss: 0.183114
Epoch: 485, Train Loss: 0.293061, Test Loss: 0.183113
Epoch: 486, Train Loss: 0.293665, Test Loss: 0.183112
Epoch: 487, Train Loss: 0.293688, Test Loss: 0.183109
Epoch: 488, Train Loss: 0.294598, Test Loss: 0.183109
Epoch: 489, Train Loss: 0.294168, Test Loss: 0.183109
Epoch: 490, Train Loss: 0.293842, Test Loss: 0.183108
Epoch: 491, Train Loss: 0.293275, Test Loss: 0.183104
Epoch: 492, Train Loss: 0.292916, Test Loss: 0.183106
Epoch: 493, Train Loss: 0.293533, Test Loss: 0.183104
Epoch: 494, Train Loss: 0.293015, Test Loss: 0.183105
Epoch: 495, Train Loss: 0.293603, Test Loss: 0.183105
Epoch: 496, Train Loss: 0.294184, Test Loss: 0.183106
Epoch: 497, Train Loss: 0.293683, Test Loss: 0.183104
Epoch: 498, Train Loss: 0.293219, Test Loss: 0.183103
Epoch: 499, Train Loss: 0.295732, Test Loss: 0.183103
Epoch: 500, Train Loss: 0.293555, Test Loss: 0.183103
Saved: loss_log_mean_512.csv
(3000, 10)
Solubility RMSE: 125751.6332 , Pearson r: 0.5983
Molecular_Weight RMSE: 92.4030 , Pearson r: 0.7733
Log_P RMSE: 0.8220 , Pearson r: 0.9098
BoilingPoint RMSE: 200.5857 , Pearson r: 0.7773
sigma_780nm RMSE: 107.8423 , Pearson r: 0.5602
max_sigma RMSE: 129.3386 , Pearson r: 0.5569
ISC(S1-T1) RMSE: 0.0487 , Pearson r: 0.4239
SAscore RMSE: 0.0714 , Pearson r: 0.8390
Tox_score RMSE: 0.0888 , Pearson r: 0.9393
is_aromatic RMSE: 16.2051 , Pearson r: 0.9205
Results saved to R2&RMSE_edgeCNN_mean_512.csv
Solubility: Pearson r = 0.598
Molecular_Weight: Pearson r = 0.773
Log_P: Pearson r = 0.910
BoilingPoint: Pearson r = 0.777
sigma_780nm: Pearson r = 0.560
max_sigma: Pearson r = 0.557
ISC(S1-T1): Pearson r = 0.424
SAscore: Pearson r = 0.839
Tox_score: Pearson r = 0.939
is_aromatic: Pearson r = 0.920
